<?xml version="1.0" encoding="UTF-8"?>
<!-- Generated by org.testng.reporters.JUnitReportReporter -->
<testsuite hostname="DESKTOP-9JNEA63" failures="0" tests="2" name="cucumberOptions.TestRunner1" time="163.366" errors="0" timestamp="13 Jul 2020 12:18:59 GMT" skipped="0">
  <testcase classname="cucumberOptions.TestRunner1" name="feature" time="83.514"/>
  <testcase classname="cucumberOptions.TestRunner1" name="feature" time="79.852"/>
</testsuite> <!-- cucumberOptions.TestRunner1 -->
